app/build/intermediates/manifest_merge_blame_file/debug/processDebugMainManifest/manifest-merger-blame-debug-report.txt
1<?xml version="1.0" encoding="utf-8"?>
2<manifest xmlns:android="http://schemas.android.com/apk/res/android"
3    package="com.onlysamhiking.app"
4    android:versionCode="1"
5    android:versionName="1.0.0" >
6
7    <uses-sdk
8        android:minSdkVersion="26"
9        android:targetSdkVersion="36" />
10
11    <uses-permission android:name="android.permission.INTERNET" />
11-->src\main\AndroidManifest.xml:4:5-67
11-->src\main\AndroidManifest.xml:4:22-64
12    <uses-permission android:name="android.permission.ACCESS_NETWORK_STATE" />
12-->src\main\AndroidManifest.xml:5:5-79
12-->src\main\AndroidManifest.xml:5:22-76
13    <uses-permission android:name="android.permission.ACCESS_FINE_LOCATION" />
13-->src\main\AndroidManifest.xml:6:5-79
13-->src\main\AndroidManifest.xml:6:22-76
14    <uses-permission android:name="android.permission.ACCESS_COARSE_LOCATION" />
14-->src\main\AndroidManifest.xml:7:5-81
14-->src\main\AndroidManifest.xml:7:22-78
15    <uses-permission android:name="android.permission.ACCESS_BACKGROUND_LOCATION" />
15-->src\main\AndroidManifest.xml:8:5-85
15-->src\main\AndroidManifest.xml:8:22-82
16    <uses-permission android:name="android.permission.FOREGROUND_SERVICE" />
16-->src\main\AndroidManifest.xml:9:5-77
16-->src\main\AndroidManifest.xml:9:22-74
17    <uses-permission android:name="android.permission.FOREGROUND_SERVICE_LOCATION" />
17-->src\main\AndroidManifest.xml:10:5-86
17-->src\main\AndroidManifest.xml:10:22-83
18    <uses-permission android:name="android.permission.POST_NOTIFICATIONS" />
18-->src\main\AndroidManifest.xml:11:5-77
18-->src\main\AndroidManifest.xml:11:22-74
19    <uses-permission android:name="android.permission.CAMERA" />
19-->src\main\AndroidManifest.xml:12:5-65
19-->src\main\AndroidManifest.xml:12:22-62
20    <uses-permission
20-->src\main\AndroidManifest.xml:13:5-14:38
21        android:name="android.permission.WRITE_EXTERNAL_STORAGE"
21-->src\main\AndroidManifest.xml:13:22-78
22        android:maxSdkVersion="28" />
22-->src\main\AndroidManifest.xml:14:9-35
23    <uses-permission
23-->src\main\AndroidManifest.xml:15:5-16:38
24        android:name="android.permission.READ_EXTERNAL_STORAGE"
24-->src\main\AndroidManifest.xml:15:22-77
25        android:maxSdkVersion="32" />
25-->src\main\AndroidManifest.xml:16:9-35
26    <uses-permission android:name="android.permission.READ_MEDIA_IMAGES" />
26-->src\main\AndroidManifest.xml:17:5-76
26-->src\main\AndroidManifest.xml:17:22-73
27    <uses-permission android:name="android.permission.ACCESS_MEDIA_LOCATION" />
27-->src\main\AndroidManifest.xml:18:5-80
27-->src\main\AndroidManifest.xml:18:22-77
28    <uses-permission android:name="android.permission.WAKE_LOCK" />
28-->src\main\AndroidManifest.xml:19:5-68
28-->src\main\AndroidManifest.xml:19:22-65
29    <uses-permission android:name="android.permission.VIBRATE" />
29-->src\main\AndroidManifest.xml:20:5-66
29-->src\main\AndroidManifest.xml:20:22-63
30
31    <uses-feature
31-->src\main\AndroidManifest.xml:22:5-85
32        android:name="android.hardware.camera"
32-->src\main\AndroidManifest.xml:22:19-57
33        android:required="false" />
33-->src\main\AndroidManifest.xml:22:58-82
34    <uses-feature
34-->src\main\AndroidManifest.xml:23:5-90
35        android:name="android.hardware.location.gps"
35-->src\main\AndroidManifest.xml:23:19-63
36        android:required="true" />
36-->src\main\AndroidManifest.xml:23:64-87
37    <uses-feature
37-->[com.naver.maps:map-sdk:3.21.0] AndroidManifest.xml:7:5-9:35
38        android:glEsVersion="0x00020000"
38-->[com.naver.maps:map-sdk:3.21.0] AndroidManifest.xml:8:9-41
39        android:required="true" />
39-->[com.naver.maps:map-sdk:3.21.0] AndroidManifest.xml:9:9-32
40    <uses-feature
40-->[com.naver.maps:map-sdk:3.21.0] AndroidManifest.xml:10:5-12:36
41        android:name="android.hardware.wifi"
41-->[com.naver.maps:map-sdk:3.21.0] AndroidManifest.xml:11:9-45
42        android:required="false" />
42-->[com.naver.maps:map-sdk:3.21.0] AndroidManifest.xml:12:9-33
43
44    <uses-permission android:name="android.permission.ACCESS_WIFI_STATE" />
44-->[com.naver.maps:map-sdk:3.21.0] AndroidManifest.xml:16:5-76
44-->[com.naver.maps:map-sdk:3.21.0] AndroidManifest.xml:16:22-73
45
46    <queries>
46-->[com.google.android.gms:play-services-maps:19.0.0] AndroidManifest.xml:30:5-34:15
47
48        <!-- Needs to be explicitly declared on Android R+ -->
49        <package android:name="com.google.android.apps.maps" />
49-->[com.google.android.gms:play-services-maps:19.0.0] AndroidManifest.xml:33:9-64
49-->[com.google.android.gms:play-services-maps:19.0.0] AndroidManifest.xml:33:18-61
50    </queries>
51
52    <permission
52-->[androidx.core:core:1.15.0] AndroidManifest.xml:22:5-24:47
53        android:name="com.onlysamhiking.app.DYNAMIC_RECEIVER_NOT_EXPORTED_PERMISSION"
53-->[androidx.core:core:1.15.0] AndroidManifest.xml:23:9-81
54        android:protectionLevel="signature" />
54-->[androidx.core:core:1.15.0] AndroidManifest.xml:24:9-44
55
56    <uses-permission android:name="com.onlysamhiking.app.DYNAMIC_RECEIVER_NOT_EXPORTED_PERMISSION" />
56-->[androidx.core:core:1.15.0] AndroidManifest.xml:26:5-97
56-->[androidx.core:core:1.15.0] AndroidManifest.xml:26:22-94
57
58    <application
58-->src\main\AndroidManifest.xml:25:5-102:19
59        android:name="com.onlysamhiking.app.OnlySamHikingApp"
59-->src\main\AndroidManifest.xml:26:9-41
60        android:allowBackup="true"
60-->src\main\AndroidManifest.xml:27:9-35
61        android:appComponentFactory="androidx.core.app.CoreComponentFactory"
61-->[androidx.core:core:1.15.0] AndroidManifest.xml:28:18-86
62        android:debuggable="true"
63        android:extractNativeLibs="false"
64        android:icon="@mipmap/ic_launcher"
64-->src\main\AndroidManifest.xml:28:9-43
65        android:label="@string/app_name"
65-->src\main\AndroidManifest.xml:29:9-41
66        android:roundIcon="@mipmap/ic_launcher_round"
66-->src\main\AndroidManifest.xml:30:9-54
67        android:supportsRtl="true"
67-->src\main\AndroidManifest.xml:31:9-35
68        android:theme="@style/Theme.OnlySamHiking"
68-->src\main\AndroidManifest.xml:32:9-51
69        android:usesCleartextTraffic="true" >
69-->src\main\AndroidManifest.xml:33:9-44
70        <meta-data
71            android:name="com.naver.maps.map.NCP_KEY_ID"
71-->src\main\AndroidManifest.xml:36:13-57
72            android:value="3taqukqorw" />
72-->src\main\AndroidManifest.xml:37:13-51
73        <meta-data
74            android:name="com.google.android.geo.API_KEY"
74-->src\main\AndroidManifest.xml:40:13-58
75            android:value="AIzaSyBL6GS8IpYb_OuZg5zNAcWqZy-KKcVPwRU" />
75-->src\main\AndroidManifest.xml:41:13-51
76
77        <activity
77-->src\main\AndroidManifest.xml:43:9-51:20
78            android:name="com.onlysamhiking.app.ui.main.MainActivity"
78-->src\main\AndroidManifest.xml:44:13-49
79            android:exported="true"
79-->src\main\AndroidManifest.xml:45:13-36
80            android:theme="@style/Theme.OnlySamHiking" >
80-->src\main\AndroidManifest.xml:46:13-55
81            <intent-filter>
81-->src\main\AndroidManifest.xml:47:13-50:29
82                <action android:name="android.intent.action.MAIN" />
82-->src\main\AndroidManifest.xml:48:17-69
82-->src\main\AndroidManifest.xml:48:25-66
83
84                <category android:name="android.intent.category.LAUNCHER" />
84-->src\main\AndroidManifest.xml:49:17-77
84-->src\main\AndroidManifest.xml:49:27-74
85            </intent-filter>
86        </activity>
87        <activity
87-->src\main\AndroidManifest.xml:53:9-56:55
88            android:name="com.onlysamhiking.app.ui.main.MapActivity"
88-->src\main\AndroidManifest.xml:54:13-48
89            android:screenOrientation="portrait"
89-->src\main\AndroidManifest.xml:55:13-49
90            android:windowSoftInputMode="adjustPan" />
90-->src\main\AndroidManifest.xml:56:13-52
91        <activity
91-->src\main\AndroidManifest.xml:58:9-60:52
92            android:name="com.onlysamhiking.app.ui.history.HistoryActivity"
92-->src\main\AndroidManifest.xml:59:13-55
93            android:screenOrientation="portrait" />
93-->src\main\AndroidManifest.xml:60:13-49
94        <activity
94-->src\main\AndroidManifest.xml:62:9-65:58
95            android:name="com.onlysamhiking.app.ui.detail.HikingDetailActivity"
95-->src\main\AndroidManifest.xml:63:13-59
96            android:screenOrientation="portrait"
96-->src\main\AndroidManifest.xml:64:13-49
97            android:windowSoftInputMode="adjustResize" />
97-->src\main\AndroidManifest.xml:65:13-55
98        <activity
98-->src\main\AndroidManifest.xml:67:9-70:58
99            android:name="com.onlysamhiking.app.ui.detail.FullscreenMapActivity"
99-->src\main\AndroidManifest.xml:68:13-60
100            android:screenOrientation="portrait"
100-->src\main\AndroidManifest.xml:69:13-49
101            android:theme="@style/Theme.OnlySamHiking" />
101-->src\main\AndroidManifest.xml:70:13-55
102        <activity
102-->src\main\AndroidManifest.xml:72:9-75:58
103            android:name="com.onlysamhiking.app.ui.photo.PhotoViewerActivity"
103-->src\main\AndroidManifest.xml:73:13-57
104            android:screenOrientation="portrait"
104-->src\main\AndroidManifest.xml:74:13-49
105            android:theme="@style/Theme.OnlySamHiking" />
105-->src\main\AndroidManifest.xml:75:13-55
106        <activity
106-->src\main\AndroidManifest.xml:77:9-80:58
107            android:name="com.onlysamhiking.app.ui.mountain.MountainMapActivity"
107-->src\main\AndroidManifest.xml:78:13-60
108            android:screenOrientation="portrait"
108-->src\main\AndroidManifest.xml:79:13-49
109            android:theme="@style/Theme.OnlySamHiking" />
109-->src\main\AndroidManifest.xml:80:13-55
110        <activity
110-->src\main\AndroidManifest.xml:82:9-85:58
111            android:name="com.onlysamhiking.app.ui.import.ImportGpxActivity"
111-->src\main\AndroidManifest.xml:83:13-56
112            android:screenOrientation="portrait"
112-->src\main\AndroidManifest.xml:84:13-49
113            android:windowSoftInputMode="adjustResize" />
113-->src\main\AndroidManifest.xml:85:13-55
114
115        <service
115-->src\main\AndroidManifest.xml:87:9-90:40
116            android:name="com.onlysamhiking.app.service.HikingTrackingService"
116-->src\main\AndroidManifest.xml:88:13-58
117            android:exported="false"
117-->src\main\AndroidManifest.xml:90:13-37
118            android:foregroundServiceType="location" />
118-->src\main\AndroidManifest.xml:89:13-53
119
120        <provider
121            android:name="androidx.core.content.FileProvider"
121-->src\main\AndroidManifest.xml:93:13-62
122            android:authorities="com.onlysamhiking.app.fileprovider"
122-->src\main\AndroidManifest.xml:94:13-64
123            android:exported="false"
123-->src\main\AndroidManifest.xml:95:13-37
124            android:grantUriPermissions="true" >
124-->src\main\AndroidManifest.xml:96:13-47
125            <meta-data
125-->src\main\AndroidManifest.xml:97:13-99:54
126                android:name="android.support.FILE_PROVIDER_PATHS"
126-->src\main\AndroidManifest.xml:98:17-67
127                android:resource="@xml/file_paths" />
127-->src\main\AndroidManifest.xml:99:17-51
128        </provider>
129
130        <activity
130-->[com.naver.maps:map-sdk:3.21.0] AndroidManifest.xml:19:9-23:51
131            android:name="com.naver.maps.map.app.LegendActivity"
131-->[com.naver.maps:map-sdk:3.21.0] AndroidManifest.xml:20:13-65
132            android:configChanges="screenSize|smallestScreenSize|screenLayout|orientation"
132-->[com.naver.maps:map-sdk:3.21.0] AndroidManifest.xml:21:13-91
133            android:label="@string/navermap_legend"
133-->[com.naver.maps:map-sdk:3.21.0] AndroidManifest.xml:22:13-52
134            android:theme="@style/navermap_app" />
134-->[com.naver.maps:map-sdk:3.21.0] AndroidManifest.xml:23:13-48
135        <activity
135-->[com.naver.maps:map-sdk:3.21.0] AndroidManifest.xml:24:9-28:51
136            android:name="com.naver.maps.map.app.LegalNoticeActivity"
136-->[com.naver.maps:map-sdk:3.21.0] AndroidManifest.xml:25:13-70
137            android:configChanges="screenSize|smallestScreenSize|screenLayout|orientation"
137-->[com.naver.maps:map-sdk:3.21.0] AndroidManifest.xml:26:13-91
138            android:label="@string/navermap_legal_notice"
138-->[com.naver.maps:map-sdk:3.21.0] AndroidManifest.xml:27:13-58
139            android:theme="@style/navermap_app" />
139-->[com.naver.maps:map-sdk:3.21.0] AndroidManifest.xml:28:13-48
140        <activity
140-->[com.naver.maps:map-sdk:3.21.0] AndroidManifest.xml:29:9-33:51
141            android:name="com.naver.maps.map.app.OpenSourceLicenseActivity"
141-->[com.naver.maps:map-sdk:3.21.0] AndroidManifest.xml:30:13-76
142            android:configChanges="screenSize|smallestScreenSize|screenLayout|orientation"
142-->[com.naver.maps:map-sdk:3.21.0] AndroidManifest.xml:31:13-91
143            android:label="@string/navermap_open_source_license"
143-->[com.naver.maps:map-sdk:3.21.0] AndroidManifest.xml:32:13-65
144            android:theme="@style/navermap_app" />
144-->[com.naver.maps:map-sdk:3.21.0] AndroidManifest.xml:33:13-48
145
146        <meta-data
146-->[com.google.maps.android:android-maps-utils:3.8.2] AndroidManifest.xml:8:9-10:69
147            android:name="com.google.android.gms.version"
147-->[com.google.maps.android:android-maps-utils:3.8.2] AndroidManifest.xml:9:13-58
148            android:value="@integer/google_play_services_version" /> <!-- Needs to be explicitly declared on P+ -->
148-->[com.google.maps.android:android-maps-utils:3.8.2] AndroidManifest.xml:10:13-66
149        <uses-library
149-->[com.google.android.gms:play-services-maps:19.0.0] AndroidManifest.xml:39:9-41:40
150            android:name="org.apache.http.legacy"
150-->[com.google.android.gms:play-services-maps:19.0.0] AndroidManifest.xml:40:13-50
151            android:required="false" />
151-->[com.google.android.gms:play-services-maps:19.0.0] AndroidManifest.xml:41:13-37
152
153        <activity
153-->[com.google.android.gms:play-services-base:18.5.0] AndroidManifest.xml:5:9-173
154            android:name="com.google.android.gms.common.api.GoogleApiActivity"
154-->[com.google.android.gms:play-services-base:18.5.0] AndroidManifest.xml:5:19-85
155            android:exported="false"
155-->[com.google.android.gms:play-services-base:18.5.0] AndroidManifest.xml:5:146-170
156            android:theme="@android:style/Theme.Translucent.NoTitleBar" />
156-->[com.google.android.gms:play-services-base:18.5.0] AndroidManifest.xml:5:86-145
157
158        <provider
158-->[androidx.emoji2:emoji2:1.3.0] AndroidManifest.xml:24:9-32:20
159            android:name="androidx.startup.InitializationProvider"
159-->[androidx.emoji2:emoji2:1.3.0] AndroidManifest.xml:25:13-67
160            android:authorities="com.onlysamhiking.app.androidx-startup"
160-->[androidx.emoji2:emoji2:1.3.0] AndroidManifest.xml:26:13-68
161            android:exported="false" >
161-->[androidx.emoji2:emoji2:1.3.0] AndroidManifest.xml:27:13-37
162            <meta-data
162-->[androidx.emoji2:emoji2:1.3.0] AndroidManifest.xml:29:13-31:52
163                android:name="androidx.emoji2.text.EmojiCompatInitializer"
163-->[androidx.emoji2:emoji2:1.3.0] AndroidManifest.xml:30:17-75
164                android:value="androidx.startup" />
164-->[androidx.emoji2:emoji2:1.3.0] AndroidManifest.xml:31:17-49
165            <meta-data
165-->[androidx.lifecycle:lifecycle-process:2.8.7] AndroidManifest.xml:29:13-31:52
166                android:name="androidx.lifecycle.ProcessLifecycleInitializer"
166-->[androidx.lifecycle:lifecycle-process:2.8.7] AndroidManifest.xml:30:17-78
167                android:value="androidx.startup" />
167-->[androidx.lifecycle:lifecycle-process:2.8.7] AndroidManifest.xml:31:17-49
168            <meta-data
168-->[androidx.profileinstaller:profileinstaller:1.4.0] AndroidManifest.xml:29:13-31:52
169                android:name="androidx.profileinstaller.ProfileInstallerInitializer"
169-->[androidx.profileinstaller:profileinstaller:1.4.0] AndroidManifest.xml:30:17-85
170                android:value="androidx.startup" />
170-->[androidx.profileinstaller:profileinstaller:1.4.0] AndroidManifest.xml:31:17-49
171        </provider>
172
173        <service
173-->[androidx.room:room-runtime:2.6.1] AndroidManifest.xml:24:9-28:63
174            android:name="androidx.room.MultiInstanceInvalidationService"
174-->[androidx.room:room-runtime:2.6.1] AndroidManifest.xml:25:13-74
175            android:directBootAware="true"
175-->[androidx.room:room-runtime:2.6.1] AndroidManifest.xml:26:13-43
176            android:exported="false" />
176-->[androidx.room:room-runtime:2.6.1] AndroidManifest.xml:27:13-37
177
178        <receiver
178-->[androidx.profileinstaller:profileinstaller:1.4.0] AndroidManifest.xml:34:9-52:20
179            android:name="androidx.profileinstaller.ProfileInstallReceiver"
179-->[androidx.profileinstaller:profileinstaller:1.4.0] AndroidManifest.xml:35:13-76
180            android:directBootAware="false"
180-->[androidx.profileinstaller:profileinstaller:1.4.0] AndroidManifest.xml:36:13-44
181            android:enabled="true"
181-->[androidx.profileinstaller:profileinstaller:1.4.0] AndroidManifest.xml:37:13-35
182            android:exported="true"
182-->[androidx.profileinstaller:profileinstaller:1.4.0] AndroidManifest.xml:38:13-36
183            android:permission="android.permission.DUMP" >
183-->[androidx.profileinstaller:profileinstaller:1.4.0] AndroidManifest.xml:39:13-57
184            <intent-filter>
184-->[androidx.profileinstaller:profileinstaller:1.4.0] AndroidManifest.xml:40:13-42:29
185                <action android:name="androidx.profileinstaller.action.INSTALL_PROFILE" />
185-->[androidx.profileinstaller:profileinstaller:1.4.0] AndroidManifest.xml:41:17-91
185-->[androidx.profileinstaller:profileinstaller:1.4.0] AndroidManifest.xml:41:25-88
186            </intent-filter>
187            <intent-filter>
187-->[androidx.profileinstaller:profileinstaller:1.4.0] AndroidManifest.xml:43:13-45:29
188                <action android:name="androidx.profileinstaller.action.SKIP_FILE" />
188-->[androidx.profileinstaller:profileinstaller:1.4.0] AndroidManifest.xml:44:17-85
188-->[androidx.profileinstaller:profileinstaller:1.4.0] AndroidManifest.xml:44:25-82
189            </intent-filter>
190            <intent-filter>
190-->[androidx.profileinstaller:profileinstaller:1.4.0] AndroidManifest.xml:46:13-48:29
191                <action android:name="androidx.profileinstaller.action.SAVE_PROFILE" />
191-->[androidx.profileinstaller:profileinstaller:1.4.0] AndroidManifest.xml:47:17-88
191-->[androidx.profileinstaller:profileinstaller:1.4.0] AndroidManifest.xml:47:25-85
192            </intent-filter>
193            <intent-filter>
193-->[androidx.profileinstaller:profileinstaller:1.4.0] AndroidManifest.xml:49:13-51:29
194                <action android:name="androidx.profileinstaller.action.BENCHMARK_OPERATION" />
194-->[androidx.profileinstaller:profileinstaller:1.4.0] AndroidManifest.xml:50:17-95
194-->[androidx.profileinstaller:profileinstaller:1.4.0] AndroidManifest.xml:50:25-92
195            </intent-filter>
196        </receiver>
197    </application>
198
199</manifest>